Build started 2015-12-05 17:29:23.
     1>Project "C:\Users\hakan\Documents\Greet\Box2D\Box2D.vcxproj" on node 2 (Build target(s)).
     1>C:\Program Files (x86)\MSBuild\Microsoft.Cpp\v4.0\V140\Microsoft.CppBuild.targets(367,5): warning MSB8004: Intermediate Directory does not end with a trailing slash.  This build instance will add the slash as it is required to allow proper evaluation of the Intermediate Directory.
     1>ClCompile:
         C:\Program Files (x86)\Microsoft Visual Studio 14.0\VC\bin\CL.exe /c /IC:\Users\hakan\Documents\Greet\Box2D\src\ /Zi /nologo /W3 /WX- /sdl /O2 /Oi /Oy- /GL /D _MBCS /Gm- /EHsc /MD /GS /Gy /fp:precise /Zc:wchar_t /Zc:forScope /Zc:inline /Fo"C:\Users\hakan\Documents\Greet\libraries\Box2D\bin\intermediates\\" /Fd"C:\Users\hakan\Documents\Greet\libraries\Box2D\bin\intermediates\Box2D.pdb" /Gd /TP /analyze- /errorReport:prompt src\Box2D\Collision\b2BroadPhase.cpp src\Box2D\Collision\b2CollideCircle.cpp src\Box2D\Collision\b2CollideEdge.cpp src\Box2D\Collision\b2CollidePolygon.cpp src\Box2D\Collision\b2Collision.cpp src\Box2D\Collision\b2Distance.cpp src\Box2D\Collision\b2DynamicTree.cpp src\Box2D\Collision\b2TimeOfImpact.cpp src\Box2D\Collision\Shapes\b2ChainShape.cpp src\Box2D\Collision\Shapes\b2CircleShape.cpp src\Box2D\Collision\Shapes\b2EdgeShape.cpp src\Box2D\Collision\Shapes\b2PolygonShape.cpp src\Box2D\Common\b2BlockAllocator.cpp src\Box2D\Common\b2Draw.cpp src\Box2D\Common\b2Math.cpp src\Box2D\Common\b2Settings.cpp src\Box2D\Common\b2StackAllocator.cpp src\Box2D\Common\b2Timer.cpp src\Box2D\Dynamics\b2Body.cpp src\Box2D\Dynamics\b2ContactManager.cpp src\Box2D\Dynamics\b2Fixture.cpp src\Box2D\Dynamics\b2Island.cpp src\Box2D\Dynamics\b2World.cpp src\Box2D\Dynamics\b2WorldCallbacks.cpp src\Box2D\Dynamics\Contacts\b2ChainAndCircleContact.cpp src\Box2D\Dynamics\Contacts\b2ChainAndPolygonContact.cpp src\Box2D\Dynamics\Contacts\b2CircleContact.cpp src\Box2D\Dynamics\Contacts\b2Contact.cpp src\Box2D\Dynamics\Contacts\b2ContactSolver.cpp src\Box2D\Dynamics\Contacts\b2EdgeAndCircleContact.cpp src\Box2D\Dynamics\Contacts\b2EdgeAndPolygonContact.cpp src\Box2D\Dynamics\Contacts\b2PolygonAndCircleContact.cpp src\Box2D\Dynamics\Contacts\b2PolygonContact.cpp src\Box2D\Dynamics\Joints\b2DistanceJoint.cpp src\Box2D\Dynamics\Joints\b2FrictionJoint.cpp src\Box2D\Dynamics\Joints\b2GearJoint.cpp src\Box2D\Dynamics\Joints\b2Joint.cpp src\Box2D\Dynamics\Joints\b2MotorJoint.cpp src\Box2D\Dynamics\Joints\b2MouseJoint.cpp src\Box2D\Dynamics\Joints\b2PrismaticJoint.cpp src\Box2D\Dynamics\Joints\b2PulleyJoint.cpp src\Box2D\Dynamics\Joints\b2RevoluteJoint.cpp src\Box2D\Dynamics\Joints\b2RopeJoint.cpp src\Box2D\Dynamics\Joints\b2WeldJoint.cpp src\Box2D\Dynamics\Joints\b2WheelJoint.cpp src\Box2D\Rope\b2Rope.cpp
         b2BroadPhase.cpp
         b2CollideCircle.cpp
         b2CollideEdge.cpp
         b2CollidePolygon.cpp
         b2Collision.cpp
         b2Distance.cpp
         b2DynamicTree.cpp
         b2TimeOfImpact.cpp
         b2ChainShape.cpp
         b2CircleShape.cpp
         b2EdgeShape.cpp
         b2PolygonShape.cpp
         b2BlockAllocator.cpp
         b2Draw.cpp
         b2Math.cpp
         b2Settings.cpp
         b2StackAllocator.cpp
         b2Timer.cpp
         b2Body.cpp
         b2ContactManager.cpp
         Compiling...
         b2Fixture.cpp
         b2Island.cpp
         b2World.cpp
         b2WorldCallbacks.cpp
         b2ChainAndCircleContact.cpp
         b2ChainAndPolygonContact.cpp
         b2CircleContact.cpp
         b2Contact.cpp
         b2ContactSolver.cpp
         b2EdgeAndCircleContact.cpp
         b2EdgeAndPolygonContact.cpp
         b2PolygonAndCircleContact.cpp
         b2PolygonContact.cpp
         b2DistanceJoint.cpp
         b2FrictionJoint.cpp
         b2GearJoint.cpp
         b2Joint.cpp
         b2MotorJoint.cpp
         b2MouseJoint.cpp
         b2PrismaticJoint.cpp
         Compiling...
         b2PulleyJoint.cpp
         b2RevoluteJoint.cpp
         b2RopeJoint.cpp
         b2WeldJoint.cpp
         b2WheelJoint.cpp
         b2Rope.cpp
       Lib:
         C:\Program Files (x86)\Microsoft Visual Studio 14.0\VC\bin\Lib.exe /OUT:"C:\Users\hakan\Documents\Greet\libraries\Box2D\bin\Box2D.lib" /NOLOGO /LTCG C:\Users\hakan\Documents\Greet\libraries\Box2D\bin\intermediates\b2BroadPhase.obj
         C:\Users\hakan\Documents\Greet\libraries\Box2D\bin\intermediates\b2CollideCircle.obj
         C:\Users\hakan\Documents\Greet\libraries\Box2D\bin\intermediates\b2CollideEdge.obj
         C:\Users\hakan\Documents\Greet\libraries\Box2D\bin\intermediates\b2CollidePolygon.obj
         C:\Users\hakan\Documents\Greet\libraries\Box2D\bin\intermediates\b2Collision.obj
         C:\Users\hakan\Documents\Greet\libraries\Box2D\bin\intermediates\b2Distance.obj
         C:\Users\hakan\Documents\Greet\libraries\Box2D\bin\intermediates\b2DynamicTree.obj
         C:\Users\hakan\Documents\Greet\libraries\Box2D\bin\intermediates\b2TimeOfImpact.obj
         C:\Users\hakan\Documents\Greet\libraries\Box2D\bin\intermediates\b2ChainShape.obj
         C:\Users\hakan\Documents\Greet\libraries\Box2D\bin\intermediates\b2CircleShape.obj
         C:\Users\hakan\Documents\Greet\libraries\Box2D\bin\intermediates\b2EdgeShape.obj
         C:\Users\hakan\Documents\Greet\libraries\Box2D\bin\intermediates\b2PolygonShape.obj
         C:\Users\hakan\Documents\Greet\libraries\Box2D\bin\intermediates\b2BlockAllocator.obj
         C:\Users\hakan\Documents\Greet\libraries\Box2D\bin\intermediates\b2Draw.obj
         C:\Users\hakan\Documents\Greet\libraries\Box2D\bin\intermediates\b2Math.obj
         C:\Users\hakan\Documents\Greet\libraries\Box2D\bin\intermediates\b2Settings.obj
         C:\Users\hakan\Documents\Greet\libraries\Box2D\bin\intermediates\b2StackAllocator.obj
         C:\Users\hakan\Documents\Greet\libraries\Box2D\bin\intermediates\b2Timer.obj
         C:\Users\hakan\Documents\Greet\libraries\Box2D\bin\intermediates\b2Body.obj
         C:\Users\hakan\Documents\Greet\libraries\Box2D\bin\intermediates\b2ContactManager.obj
         C:\Users\hakan\Documents\Greet\libraries\Box2D\bin\intermediates\b2Fixture.obj
         C:\Users\hakan\Documents\Greet\libraries\Box2D\bin\intermediates\b2Island.obj
         C:\Users\hakan\Documents\Greet\libraries\Box2D\bin\intermediates\b2World.obj
         C:\Users\hakan\Documents\Greet\libraries\Box2D\bin\intermediates\b2WorldCallbacks.obj
         C:\Users\hakan\Documents\Greet\libraries\Box2D\bin\intermediates\b2ChainAndCircleContact.obj
         C:\Users\hakan\Documents\Greet\libraries\Box2D\bin\intermediates\b2ChainAndPolygonContact.obj
         C:\Users\hakan\Documents\Greet\libraries\Box2D\bin\intermediates\b2CircleContact.obj
         C:\Users\hakan\Documents\Greet\libraries\Box2D\bin\intermediates\b2Contact.obj
         C:\Users\hakan\Documents\Greet\libraries\Box2D\bin\intermediates\b2ContactSolver.obj
         C:\Users\hakan\Documents\Greet\libraries\Box2D\bin\intermediates\b2EdgeAndCircleContact.obj
         C:\Users\hakan\Documents\Greet\libraries\Box2D\bin\intermediates\b2EdgeAndPolygonContact.obj
         C:\Users\hakan\Documents\Greet\libraries\Box2D\bin\intermediates\b2PolygonAndCircleContact.obj
         C:\Users\hakan\Documents\Greet\libraries\Box2D\bin\intermediates\b2PolygonContact.obj
         C:\Users\hakan\Documents\Greet\libraries\Box2D\bin\intermediates\b2DistanceJoint.obj
         C:\Users\hakan\Documents\Greet\libraries\Box2D\bin\intermediates\b2FrictionJoint.obj
         C:\Users\hakan\Documents\Greet\libraries\Box2D\bin\intermediates\b2GearJoint.obj
         C:\Users\hakan\Documents\Greet\libraries\Box2D\bin\intermediates\b2Joint.obj
         C:\Users\hakan\Documents\Greet\libraries\Box2D\bin\intermediates\b2MotorJoint.obj
         C:\Users\hakan\Documents\Greet\libraries\Box2D\bin\intermediates\b2MouseJoint.obj
         C:\Users\hakan\Documents\Greet\libraries\Box2D\bin\intermediates\b2PrismaticJoint.obj
         C:\Users\hakan\Documents\Greet\libraries\Box2D\bin\intermediates\b2PulleyJoint.obj
         C:\Users\hakan\Documents\Greet\libraries\Box2D\bin\intermediates\b2RevoluteJoint.obj
         C:\Users\hakan\Documents\Greet\libraries\Box2D\bin\intermediates\b2RopeJoint.obj
         C:\Users\hakan\Documents\Greet\libraries\Box2D\bin\intermediates\b2WeldJoint.obj
         C:\Users\hakan\Documents\Greet\libraries\Box2D\bin\intermediates\b2WheelJoint.obj
         C:\Users\hakan\Documents\Greet\libraries\Box2D\bin\intermediates\b2Rope.obj
         Box2D.vcxproj -> C:\Users\hakan\Documents\Greet\libraries\Box2D\bin\Box2D.lib
     1>Done Building Project "C:\Users\hakan\Documents\Greet\Box2D\Box2D.vcxproj" (Build target(s)).

Build succeeded.

Time Elapsed 00:00:19.41
