Build started 2015-07-16 20:30:27.
     1>Project "C:\Users\Tim\Downloads\Sparky-master\Sparky-master\libvorbis\libvorbis.vcxproj" on node 3 (Rebuild target(s)).
     1>ClCompile:
         C:\Program Files (x86)\Microsoft Visual Studio 12.0\VC\bin\CL.exe /c /ZI /nologo /W3 /WX- /sdl /Od /Oy- /D _CRT_SECURE_NO_WARNINGS /D _USE_MATH_DEFINES /D _MBCS /Gm /EHsc /RTC1 /MDd /GS /fp:precise /Zc:wchar_t /Zc:forScope /Fo"C:\Users\Tim\Downloads\Sparky-master\Sparky-master\Dependencies\libvorbis\lib\intermediates\\" /Fd"C:\Users\Tim\Downloads\Sparky-master\Sparky-master\Dependencies\libvorbis\lib\intermediates\vc120.pdb" /Gd /TC /analyze- /errorReport:prompt ..\Dependencies\libvorbis\lib\analysis.c ..\Dependencies\libvorbis\lib\bitrate.c ..\Dependencies\libvorbis\lib\block.c ..\Dependencies\libvorbis\lib\codebook.c ..\Dependencies\libvorbis\lib\envelope.c ..\Dependencies\libvorbis\lib\floor0.c ..\Dependencies\libvorbis\lib\floor1.c ..\Dependencies\libvorbis\lib\info.c ..\Dependencies\libvorbis\lib\lookup.c ..\Dependencies\libvorbis\lib\lpc.c ..\Dependencies\libvorbis\lib\lsp.c ..\Dependencies\libvorbis\lib\mapping0.c ..\Dependencies\libvorbis\lib\mdct.c ..\Dependencies\libvorbis\lib\psy.c ..\Dependencies\libvorbis\lib\registry.c ..\Dependencies\libvorbis\lib\res0.c ..\Dependencies\libvorbis\lib\sharedbook.c ..\Dependencies\libvorbis\lib\smallft.c ..\Dependencies\libvorbis\lib\synthesis.c ..\Dependencies\libvorbis\lib\tone.c ..\Dependencies\libvorbis\lib\vorbisenc.c ..\Dependencies\libvorbis\lib\vorbisfile.c ..\Dependencies\libvorbis\lib\window.c
         window.c
         vorbisfile.c
         vorbisenc.c
     1>c:\users\tim\downloads\sparky-master\sparky-master\dependencies\libvorbis\lib\modes\psych_44.h(53): warning C4244: 'initializing' : conversion from 'double' to 'int', possible loss of data
     1>c:\users\tim\downloads\sparky-master\sparky-master\dependencies\libvorbis\lib\vorbisenc.c(203): warning C4244: 'initializing' : conversion from 'double' to 'int', possible loss of data
     1>c:\users\tim\downloads\sparky-master\sparky-master\dependencies\libvorbis\lib\vorbisenc.c(242): warning C4244: 'initializing' : conversion from 'double' to 'int', possible loss of data
     1>c:\users\tim\downloads\sparky-master\sparky-master\dependencies\libvorbis\lib\vorbisenc.c(259): warning C4244: '=' : conversion from 'double' to 'float', possible loss of data
     1>c:\users\tim\downloads\sparky-master\sparky-master\dependencies\libvorbis\lib\vorbisenc.c(260): warning C4244: '=' : conversion from 'double' to 'float', possible loss of data
     1>c:\users\tim\downloads\sparky-master\sparky-master\dependencies\libvorbis\lib\vorbisenc.c(262): warning C4244: '=' : conversion from 'double' to 'float', possible loss of data
     1>c:\users\tim\downloads\sparky-master\sparky-master\dependencies\libvorbis\lib\vorbisenc.c(269): warning C4244: 'initializing' : conversion from 'double' to 'float', possible loss of data
     1>c:\users\tim\downloads\sparky-master\sparky-master\dependencies\libvorbis\lib\vorbisenc.c(270): warning C4244: 'initializing' : conversion from 'float' to 'int', possible loss of data
     1>c:\users\tim\downloads\sparky-master\sparky-master\dependencies\libvorbis\lib\vorbisenc.c(282): warning C4244: 'initializing' : conversion from 'double' to 'float', possible loss of data
     1>c:\users\tim\downloads\sparky-master\sparky-master\dependencies\libvorbis\lib\vorbisenc.c(283): warning C4244: '=' : conversion from 'double' to 'int', possible loss of data
     1>c:\users\tim\downloads\sparky-master\sparky-master\dependencies\libvorbis\lib\vorbisenc.c(284): warning C4244: '=' : conversion from 'double' to 'int', possible loss of data
     1>c:\users\tim\downloads\sparky-master\sparky-master\dependencies\libvorbis\lib\vorbisenc.c(285): warning C4244: '=' : conversion from 'float' to 'int', possible loss of data
     1>c:\users\tim\downloads\sparky-master\sparky-master\dependencies\libvorbis\lib\vorbisenc.c(287): warning C4244: '=' : conversion from 'double' to 'float', possible loss of data
     1>c:\users\tim\downloads\sparky-master\sparky-master\dependencies\libvorbis\lib\vorbisenc.c(288): warning C4244: '=' : conversion from 'double' to 'int', possible loss of data
     1>c:\users\tim\downloads\sparky-master\sparky-master\dependencies\libvorbis\lib\vorbisenc.c(289): warning C4244: '=' : conversion from 'double' to 'int', possible loss of data
     1>c:\users\tim\downloads\sparky-master\sparky-master\dependencies\libvorbis\lib\vorbisenc.c(293): warning C4244: 'initializing' : conversion from 'double' to 'float', possible loss of data
     1>c:\users\tim\downloads\sparky-master\sparky-master\dependencies\libvorbis\lib\vorbisenc.c(295): warning C4244: '=' : conversion from 'double' to 'int', possible loss of data
     1>c:\users\tim\downloads\sparky-master\sparky-master\dependencies\libvorbis\lib\vorbisenc.c(296): warning C4244: '=' : conversion from 'double' to 'int', possible loss of data
     1>c:\users\tim\downloads\sparky-master\sparky-master\dependencies\libvorbis\lib\vorbisenc.c(297): warning C4244: '=' : conversion from 'float' to 'int', possible loss of data
     1>c:\users\tim\downloads\sparky-master\sparky-master\dependencies\libvorbis\lib\vorbisenc.c(300): warning C4244: '=' : conversion from 'double' to 'float', possible loss of data
     1>c:\users\tim\downloads\sparky-master\sparky-master\dependencies\libvorbis\lib\vorbisenc.c(302): warning C4244: '=' : conversion from 'double' to 'int', possible loss of data
     1>c:\users\tim\downloads\sparky-master\sparky-master\dependencies\libvorbis\lib\vorbisenc.c(303): warning C4244: '=' : conversion from 'double' to 'int', possible loss of data
     1>c:\users\tim\downloads\sparky-master\sparky-master\dependencies\libvorbis\lib\vorbisenc.c(323): warning C4244: 'initializing' : conversion from 'double' to 'int', possible loss of data
     1>c:\users\tim\downloads\sparky-master\sparky-master\dependencies\libvorbis\lib\vorbisenc.c(350): warning C4244: 'initializing' : conversion from 'double' to 'int', possible loss of data
     1>c:\users\tim\downloads\sparky-master\sparky-master\dependencies\libvorbis\lib\vorbisenc.c(357): warning C4244: '=' : conversion from 'double' to 'float', possible loss of data
     1>c:\users\tim\downloads\sparky-master\sparky-master\dependencies\libvorbis\lib\vorbisenc.c(358): warning C4244: '=' : conversion from 'double' to 'float', possible loss of data
     1>c:\users\tim\downloads\sparky-master\sparky-master\dependencies\libvorbis\lib\vorbisenc.c(359): warning C4244: '=' : conversion from 'double' to 'float', possible loss of data
     1>c:\users\tim\downloads\sparky-master\sparky-master\dependencies\libvorbis\lib\vorbisenc.c(360): warning C4244: '=' : conversion from 'double' to 'float', possible loss of data
     1>c:\users\tim\downloads\sparky-master\sparky-master\dependencies\libvorbis\lib\vorbisenc.c(361): warning C4244: '=' : conversion from 'double' to 'float', possible loss of data
     1>c:\users\tim\downloads\sparky-master\sparky-master\dependencies\libvorbis\lib\vorbisenc.c(363): warning C4244: '=' : conversion from 'double' to 'float', possible loss of data
     1>c:\users\tim\downloads\sparky-master\sparky-master\dependencies\libvorbis\lib\vorbisenc.c(366): warning C4244: '=' : conversion from 'double' to 'float', possible loss of data
     1>c:\users\tim\downloads\sparky-master\sparky-master\dependencies\libvorbis\lib\vorbisenc.c(373): warning C4244: 'initializing' : conversion from 'double' to 'int', possible loss of data
     1>c:\users\tim\downloads\sparky-master\sparky-master\dependencies\libvorbis\lib\vorbisenc.c(388): warning C4244: '=' : conversion from 'double' to 'float', possible loss of data
     1>c:\users\tim\downloads\sparky-master\sparky-master\dependencies\libvorbis\lib\vorbisenc.c(394): warning C4244: 'initializing' : conversion from 'double' to 'int', possible loss of data
     1>c:\users\tim\downloads\sparky-master\sparky-master\dependencies\libvorbis\lib\vorbisenc.c(399): warning C4244: '=' : conversion from 'double' to 'float', possible loss of data
     1>c:\users\tim\downloads\sparky-master\sparky-master\dependencies\libvorbis\lib\vorbisenc.c(409): warning C4244: 'initializing' : conversion from 'double' to 'int', possible loss of data
     1>c:\users\tim\downloads\sparky-master\sparky-master\dependencies\libvorbis\lib\vorbisenc.c(414): warning C4244: '=' : conversion from 'double' to 'float', possible loss of data
     1>c:\users\tim\downloads\sparky-master\sparky-master\dependencies\libvorbis\lib\vorbisenc.c(421): warning C4244: '=' : conversion from 'double' to 'float', possible loss of data
     1>c:\users\tim\downloads\sparky-master\sparky-master\dependencies\libvorbis\lib\vorbisenc.c(428): warning C4244: '+=' : conversion from 'double' to 'float', possible loss of data
     1>c:\users\tim\downloads\sparky-master\sparky-master\dependencies\libvorbis\lib\vorbisenc.c(440): warning C4244: '=' : conversion from 'double' to 'float', possible loss of data
     1>c:\users\tim\downloads\sparky-master\sparky-master\dependencies\libvorbis\lib\vorbisenc.c(441): warning C4244: '=' : conversion from 'double' to 'float', possible loss of data
     1>c:\users\tim\downloads\sparky-master\sparky-master\dependencies\libvorbis\lib\vorbisenc.c(458): warning C4244: 'initializing' : conversion from 'double' to 'int', possible loss of data
     1>c:\users\tim\downloads\sparky-master\sparky-master\dependencies\libvorbis\lib\vorbisenc.c(552): warning C4244: '=' : conversion from 'double' to 'int', possible loss of data
     1>c:\users\tim\downloads\sparky-master\sparky-master\dependencies\libvorbis\lib\vorbisenc.c(582): warning C4244: 'initializing' : conversion from 'double' to 'int', possible loss of data
     1>c:\users\tim\downloads\sparky-master\sparky-master\dependencies\libvorbis\lib\vorbisenc.c(611): warning C4244: 'initializing' : conversion from 'double' to 'int', possible loss of data
     1>c:\users\tim\downloads\sparky-master\sparky-master\dependencies\libvorbis\lib\vorbisenc.c(651): warning C4244: 'initializing' : conversion from 'double' to 'float', possible loss of data
     1>c:\users\tim\downloads\sparky-master\sparky-master\dependencies\libvorbis\lib\vorbisenc.c(652): warning C4244: 'initializing' : conversion from 'double' to 'float', possible loss of data
     1>c:\users\tim\downloads\sparky-master\sparky-master\dependencies\libvorbis\lib\vorbisenc.c(653): warning C4244: 'initializing' : conversion from 'double' to 'float', possible loss of data
     1>c:\users\tim\downloads\sparky-master\sparky-master\dependencies\libvorbis\lib\vorbisenc.c(830): warning C4244: '=' : conversion from 'double' to 'long', possible loss of data
     1>c:\users\tim\downloads\sparky-master\sparky-master\dependencies\libvorbis\lib\vorbisenc.c(836): warning C4244: '=' : conversion from 'double' to 'long', possible loss of data
     1>c:\users\tim\downloads\sparky-master\sparky-master\dependencies\libvorbis\lib\vorbisenc.c(838): warning C4244: '=' : conversion from 'double' to 'long', possible loss of data
     1>c:\users\tim\downloads\sparky-master\sparky-master\dependencies\libvorbis\lib\vorbisenc.c(869): warning C4244: '=' : conversion from 'double' to 'int', possible loss of data
     1>c:\users\tim\downloads\sparky-master\sparky-master\dependencies\libvorbis\lib\vorbisenc.c(909): warning C4305: '+=' : truncation from 'double' to 'float'
     1>c:\users\tim\downloads\sparky-master\sparky-master\dependencies\libvorbis\lib\vorbisenc.c(910): warning C4305: '=' : truncation from 'double' to 'float'
     1>c:\users\tim\downloads\sparky-master\sparky-master\dependencies\libvorbis\lib\vorbisenc.c(954): warning C4244: '=' : conversion from 'double' to 'long', possible loss of data
     1>c:\users\tim\downloads\sparky-master\sparky-master\dependencies\libvorbis\lib\vorbisenc.c(956): warning C4244: '=' : conversion from 'double' to 'long', possible loss of data
     1>c:\users\tim\downloads\sparky-master\sparky-master\dependencies\libvorbis\lib\vorbisenc.c(979): warning C4244: '=' : conversion from 'double' to 'long', possible loss of data
     1>c:\users\tim\downloads\sparky-master\sparky-master\dependencies\libvorbis\lib\vorbisenc.c(1063): warning C4244: '=' : conversion from 'double' to 'long', possible loss of data
     1>c:\users\tim\downloads\sparky-master\sparky-master\dependencies\libvorbis\lib\vorbisenc.c(1079): warning C4244: '=' : conversion from 'double' to 'long', possible loss of data
     1>c:\users\tim\downloads\sparky-master\sparky-master\dependencies\libvorbis\lib\vorbisenc.c(1082): warning C4244: '=' : conversion from 'double' to 'long', possible loss of data
         tone.c
     1>c:\users\tim\downloads\sparky-master\sparky-master\dependencies\libvorbis\lib\tone.c(18): warning C4013: 'alloca' undefined; assuming extern returning int
     1>c:\users\tim\downloads\sparky-master\sparky-master\dependencies\libvorbis\lib\tone.c(18): warning C4047: '=' : 'double *' differs in levels of indirection from 'int'
     1>c:\users\tim\downloads\sparky-master\sparky-master\dependencies\libvorbis\lib\tone.c(19): warning C4047: '=' : 'double *' differs in levels of indirection from 'int'
     1>c:\users\tim\downloads\sparky-master\sparky-master\dependencies\libvorbis\lib\tone.c(40): warning C4244: '+=' : conversion from 'double' to 'float', possible loss of data
     1>c:\users\tim\downloads\sparky-master\sparky-master\dependencies\libvorbis\lib\tone.c(41): warning C4244: '=' : conversion from 'double' to 'int', possible loss of data
     1>c:\users\tim\downloads\sparky-master\sparky-master\dependencies\libvorbis\lib\tone.c(43): warning C4244: '=' : conversion from 'float' to 'int', possible loss of data
     1>c:\users\tim\downloads\sparky-master\sparky-master\dependencies\libvorbis\lib\tone.c(44): warning C4244: '=' : conversion from 'float' to 'int', possible loss of data
         synthesis.c
         smallft.c
     1>c:\users\tim\downloads\sparky-master\sparky-master\dependencies\libvorbis\lib\smallft.c(99): warning C4244: '=' : conversion from 'double' to 'float', possible loss of data
     1>c:\users\tim\downloads\sparky-master\sparky-master\dependencies\libvorbis\lib\smallft.c(100): warning C4244: '=' : conversion from 'double' to 'float', possible loss of data
     1>c:\users\tim\downloads\sparky-master\sparky-master\dependencies\libvorbis\lib\smallft.c(283): warning C4244: '=' : conversion from 'double' to 'float', possible loss of data
     1>c:\users\tim\downloads\sparky-master\sparky-master\dependencies\libvorbis\lib\smallft.c(284): warning C4244: '=' : conversion from 'double' to 'float', possible loss of data
     1>c:\users\tim\downloads\sparky-master\sparky-master\dependencies\libvorbis\lib\smallft.c(853): warning C4244: '=' : conversion from 'double' to 'float', possible loss of data
     1>c:\users\tim\downloads\sparky-master\sparky-master\dependencies\libvorbis\lib\smallft.c(854): warning C4244: '=' : conversion from 'double' to 'float', possible loss of data
         sharedbook.c
     1>c:\users\tim\downloads\sparky-master\sparky-master\dependencies\libvorbis\lib\sharedbook.c(55): warning C4244: '=' : conversion from 'double' to 'long', possible loss of data
     1>c:\users\tim\downloads\sparky-master\sparky-master\dependencies\libvorbis\lib\sharedbook.c(56): warning C4244: '=' : conversion from 'double' to 'long', possible loss of data
     1>c:\users\tim\downloads\sparky-master\sparky-master\dependencies\libvorbis\lib\sharedbook.c(67): warning C4244: 'return' : conversion from 'double' to 'float', possible loss of data
     1>c:\users\tim\downloads\sparky-master\sparky-master\dependencies\libvorbis\lib\sharedbook.c(151): warning C4244: 'initializing' : conversion from 'double' to 'long', possible loss of data
     1>c:\users\tim\downloads\sparky-master\sparky-master\dependencies\libvorbis\lib\sharedbook.c(209): warning C4244: 'initializing' : conversion from 'long' to 'float', possible loss of data
     1>c:\users\tim\downloads\sparky-master\sparky-master\dependencies\libvorbis\lib\sharedbook.c(210): warning C4244: '=' : conversion from 'double' to 'float', possible loss of data
     1>c:\users\tim\downloads\sparky-master\sparky-master\dependencies\libvorbis\lib\sharedbook.c(229): warning C4244: 'initializing' : conversion from 'long' to 'float', possible loss of data
     1>c:\users\tim\downloads\sparky-master\sparky-master\dependencies\libvorbis\lib\sharedbook.c(230): warning C4244: '=' : conversion from 'double' to 'float', possible loss of data
     1>c:\users\tim\downloads\sparky-master\sparky-master\dependencies\libvorbis\lib\sharedbook.c(380): warning C4244: '=' : conversion from 'long' to 'char', possible loss of data
         res0.c
     1>c:\users\tim\downloads\sparky-master\sparky-master\dependencies\libvorbis\lib\res0.c(266): warning C4244: '=' : conversion from 'double' to 'int', possible loss of data
     1>c:\users\tim\downloads\sparky-master\sparky-master\dependencies\libvorbis\lib\res0.c(384): warning C4244: 'initializing' : conversion from 'double' to 'float', possible loss of data
     1>c:\users\tim\downloads\sparky-master\sparky-master\dependencies\libvorbis\lib\res0.c(401): warning C4244: '=' : conversion from 'double' to 'float', possible loss of data
     1>c:\users\tim\downloads\sparky-master\sparky-master\dependencies\libvorbis\lib\res0.c(402): warning C4244: '+=' : conversion from 'double' to 'float', possible loss of data
     1>c:\users\tim\downloads\sparky-master\sparky-master\dependencies\libvorbis\lib\res0.c(464): warning C4244: '=' : conversion from 'double' to 'float', possible loss of data
     1>c:\users\tim\downloads\sparky-master\sparky-master\dependencies\libvorbis\lib\res0.c(466): warning C4244: '=' : conversion from 'double' to 'float', possible loss of data
         registry.c
         psy.c
     1>c:\users\tim\downloads\sparky-master\sparky-master\dependencies\libvorbis\lib\psy.c(137): warning C4244: 'function' : conversion from 'double' to 'float', possible loss of data
     1>c:\users\tim\downloads\sparky-master\sparky-master\dependencies\libvorbis\lib\psy.c(139): warning C4244: 'function' : conversion from 'double' to 'float', possible loss of data
     1>c:\users\tim\downloads\sparky-master\sparky-master\dependencies\libvorbis\lib\psy.c(173): warning C4244: '=' : conversion from 'double' to 'int', possible loss of data
     1>c:\users\tim\downloads\sparky-master\sparky-master\dependencies\libvorbis\lib\psy.c(174): warning C4244: '=' : conversion from 'double' to 'int', possible loss of data
     1>c:\users\tim\downloads\sparky-master\sparky-master\dependencies\libvorbis\lib\psy.c(175): warning C4244: '=' : conversion from 'double' to 'int', possible loss of data
     1>c:\users\tim\downloads\sparky-master\sparky-master\dependencies\libvorbis\lib\psy.c(192): warning C4244: 'initializing' : conversion from 'double' to 'int', possible loss of data
     1>c:\users\tim\downloads\sparky-master\sparky-master\dependencies\libvorbis\lib\psy.c(193): warning C4244: 'initializing' : conversion from 'double' to 'int', possible loss of data
     1>c:\users\tim\downloads\sparky-master\sparky-master\dependencies\libvorbis\lib\psy.c(217): warning C4244: 'initializing' : conversion from 'double' to 'int', possible loss of data
     1>c:\users\tim\downloads\sparky-master\sparky-master\dependencies\libvorbis\lib\psy.c(218): warning C4244: 'initializing' : conversion from 'double' to 'int', possible loss of data
     1>c:\users\tim\downloads\sparky-master\sparky-master\dependencies\libvorbis\lib\psy.c(239): warning C4244: 'initializing' : conversion from 'double' to 'int', possible loss of data
     1>c:\users\tim\downloads\sparky-master\sparky-master\dependencies\libvorbis\lib\psy.c(254): warning C4244: '=' : conversion from 'int' to 'float', possible loss of data
     1>c:\users\tim\downloads\sparky-master\sparky-master\dependencies\libvorbis\lib\psy.c(259): warning C4244: '=' : conversion from 'int' to 'float', possible loss of data
     1>c:\users\tim\downloads\sparky-master\sparky-master\dependencies\libvorbis\lib\psy.c(274): warning C4244: '=' : conversion from 'double' to 'long', possible loss of data
     1>c:\users\tim\downloads\sparky-master\sparky-master\dependencies\libvorbis\lib\psy.c(276): warning C4244: '=' : conversion from 'double' to 'long', possible loss of data
     1>c:\users\tim\downloads\sparky-master\sparky-master\dependencies\libvorbis\lib\psy.c(277): warning C4244: '=' : conversion from 'double' to 'long', possible loss of data
     1>c:\users\tim\downloads\sparky-master\sparky-master\dependencies\libvorbis\lib\psy.c(290): warning C4305: '=' : truncation from 'double' to 'float'
     1>c:\users\tim\downloads\sparky-master\sparky-master\dependencies\libvorbis\lib\psy.c(291): warning C4305: '=' : truncation from 'double' to 'float'
     1>c:\users\tim\downloads\sparky-master\sparky-master\dependencies\libvorbis\lib\psy.c(296): warning C4244: 'initializing' : conversion from 'double' to 'int', possible loss of data
     1>c:\users\tim\downloads\sparky-master\sparky-master\dependencies\libvorbis\lib\psy.c(301): warning C4244: '=' : conversion from 'double' to 'float', possible loss of data
     1>c:\users\tim\downloads\sparky-master\sparky-master\dependencies\libvorbis\lib\psy.c(308): warning C4244: 'initializing' : conversion from 'double' to 'float', possible loss of data
     1>c:\users\tim\downloads\sparky-master\sparky-master\dependencies\libvorbis\lib\psy.c(321): warning C4244: '=' : conversion from 'double' to 'long', possible loss of data
     1>c:\users\tim\downloads\sparky-master\sparky-master\dependencies\libvorbis\lib\psy.c(323): warning C4244: 'function' : conversion from 'double' to 'float', possible loss of data
     1>c:\users\tim\downloads\sparky-master\sparky-master\dependencies\libvorbis\lib\psy.c(332): warning C4244: 'initializing' : conversion from 'double' to 'float', possible loss of data
     1>c:\users\tim\downloads\sparky-master\sparky-master\dependencies\libvorbis\lib\psy.c(344): warning C4244: '=' : conversion from 'double' to 'float', possible loss of data
     1>c:\users\tim\downloads\sparky-master\sparky-master\dependencies\libvorbis\lib\psy.c(398): warning C4244: '=' : conversion from 'const float' to 'int', possible loss of data
     1>c:\users\tim\downloads\sparky-master\sparky-master\dependencies\libvorbis\lib\psy.c(400): warning C4244: '=' : conversion from 'const float' to 'int', possible loss of data
     1>c:\users\tim\downloads\sparky-master\sparky-master\dependencies\libvorbis\lib\psy.c(567): warning C4244: '=' : conversion from 'double' to 'float', possible loss of data
     1>c:\users\tim\downloads\sparky-master\sparky-master\dependencies\libvorbis\lib\psy.c(821): warning C4244: 'initializing' : conversion from 'double' to 'int', possible loss of data
     1>c:\users\tim\downloads\sparky-master\sparky-master\dependencies\libvorbis\lib\psy.c(883): warning C4305: '=' : truncation from 'double' to 'float'
     1>c:\users\tim\downloads\sparky-master\sparky-master\dependencies\libvorbis\lib\psy.c(889): warning C4244: '=' : conversion from 'double' to 'float', possible loss of data
     1>c:\users\tim\downloads\sparky-master\sparky-master\dependencies\libvorbis\lib\psy.c(896): warning C4305: '=' : truncation from 'double' to 'float'
     1>c:\users\tim\downloads\sparky-master\sparky-master\dependencies\libvorbis\lib\psy.c(900): warning C4244: '=' : conversion from 'double' to 'float', possible loss of data
     1>c:\users\tim\downloads\sparky-master\sparky-master\dependencies\libvorbis\lib\psy.c(940): warning C4244: '=' : conversion from 'double' to 'float', possible loss of data
     1>c:\users\tim\downloads\sparky-master\sparky-master\dependencies\libvorbis\lib\psy.c(953): warning C4305: 'initializing' : truncation from 'double' to 'float'
     1>c:\users\tim\downloads\sparky-master\sparky-master\dependencies\libvorbis\lib\psy.c(977): warning C4244: 'return' : conversion from 'double' to 'float', possible loss of data
     1>c:\users\tim\downloads\sparky-master\sparky-master\dependencies\libvorbis\lib\psy.c(978): warning C4244: 'return' : conversion from 'double' to 'float', possible loss of data
     1>c:\users\tim\downloads\sparky-master\sparky-master\dependencies\libvorbis\lib\psy.c(979): warning C4244: 'return' : conversion from 'double' to 'float', possible loss of data
     1>c:\users\tim\downloads\sparky-master\sparky-master\dependencies\libvorbis\lib\psy.c(981): warning C4244: 'return' : conversion from 'double' to 'float', possible loss of data
     1>c:\users\tim\downloads\sparky-master\sparky-master\dependencies\libvorbis\lib\psy.c(982): warning C4244: 'return' : conversion from 'double' to 'float', possible loss of data
     1>c:\users\tim\downloads\sparky-master\sparky-master\dependencies\libvorbis\lib\psy.c(983): warning C4244: 'return' : conversion from 'double' to 'float', possible loss of data
     1>c:\users\tim\downloads\sparky-master\sparky-master\dependencies\libvorbis\lib\psy.c(987): warning C4244: 'return' : conversion from 'double' to 'float', possible loss of data
     1>c:\users\tim\downloads\sparky-master\sparky-master\dependencies\libvorbis\lib\psy.c(988): warning C4244: 'return' : conversion from 'double' to 'float', possible loss of data
     1>c:\users\tim\downloads\sparky-master\sparky-master\dependencies\libvorbis\lib\psy.c(989): warning C4244: 'return' : conversion from 'double' to 'float', possible loss of data
     1>c:\users\tim\downloads\sparky-master\sparky-master\dependencies\libvorbis\lib\psy.c(991): warning C4244: 'return' : conversion from 'double' to 'float', possible loss of data
     1>c:\users\tim\downloads\sparky-master\sparky-master\dependencies\libvorbis\lib\psy.c(992): warning C4244: 'return' : conversion from 'double' to 'float', possible loss of data
     1>c:\users\tim\downloads\sparky-master\sparky-master\dependencies\libvorbis\lib\psy.c(993): warning C4244: 'return' : conversion from 'double' to 'float', possible loss of data
     1>c:\users\tim\downloads\sparky-master\sparky-master\dependencies\libvorbis\lib\psy.c(1022): warning C4244: 'initializing' : conversion from 'double' to 'float', possible loss of data
     1>c:\users\tim\downloads\sparky-master\sparky-master\dependencies\libvorbis\lib\psy.c(1023): warning C4244: 'initializing' : conversion from 'double' to 'float', possible loss of data
     1>c:\users\tim\downloads\sparky-master\sparky-master\dependencies\libvorbis\lib\psy.c(1082): warning C4244: '=' : conversion from 'double' to 'float', possible loss of data
     1>c:\users\tim\downloads\sparky-master\sparky-master\dependencies\libvorbis\lib\psy.c(1095): warning C4244: '=' : conversion from 'double' to 'float', possible loss of data
     1>c:\users\tim\downloads\sparky-master\sparky-master\dependencies\libvorbis\lib\psy.c(1113): warning C4244: '=' : conversion from 'double' to 'float', possible loss of data
     1>c:\users\tim\downloads\sparky-master\sparky-master\dependencies\libvorbis\lib\psy.c(1154): warning C4244: 'initializing' : conversion from 'double' to 'float', possible loss of data
     1>c:\users\tim\downloads\sparky-master\sparky-master\dependencies\libvorbis\lib\psy.c(1155): warning C4244: 'initializing' : conversion from 'double' to 'float', possible loss of data
     1>c:\users\tim\downloads\sparky-master\sparky-master\dependencies\libvorbis\lib\psy.c(1165): warning C4244: '=' : conversion from 'double' to 'float', possible loss of data
     1>c:\users\tim\downloads\sparky-master\sparky-master\dependencies\libvorbis\lib\psy.c(1218): warning C4244: 'initializing' : conversion from 'double' to 'int', possible loss of data
     1>c:\users\tim\downloads\sparky-master\sparky-master\dependencies\libvorbis\lib\psy.c(1225): warning C4244: '*=' : conversion from 'double' to 'float', possible loss of data
         mdct.c
     1>c:\users\tim\downloads\sparky-master\sparky-master\dependencies\libvorbis\lib\mdct.c(58): warning C4244: '=' : conversion from 'double' to 'int', possible loss of data
     1>c:\users\tim\downloads\sparky-master\sparky-master\dependencies\libvorbis\lib\mdct.c(66): warning C4244: '=' : conversion from 'double' to 'float', possible loss of data
     1>c:\users\tim\downloads\sparky-master\sparky-master\dependencies\libvorbis\lib\mdct.c(67): warning C4244: '=' : conversion from 'double' to 'float', possible loss of data
     1>c:\users\tim\downloads\sparky-master\sparky-master\dependencies\libvorbis\lib\mdct.c(68): warning C4244: '=' : conversion from 'double' to 'float', possible loss of data
     1>c:\users\tim\downloads\sparky-master\sparky-master\dependencies\libvorbis\lib\mdct.c(69): warning C4244: '=' : conversion from 'double' to 'float', possible loss of data
     1>c:\users\tim\downloads\sparky-master\sparky-master\dependencies\libvorbis\lib\mdct.c(72): warning C4244: '=' : conversion from 'double' to 'float', possible loss of data
     1>c:\users\tim\downloads\sparky-master\sparky-master\dependencies\libvorbis\lib\mdct.c(73): warning C4244: '=' : conversion from 'double' to 'float', possible loss of data
         mapping0.c
     1>c:\users\tim\downloads\sparky-master\sparky-master\dependencies\libvorbis\lib\mapping0.c(277): warning C4244: '=' : conversion from 'double' to 'float', possible loss of data
     1>c:\users\tim\downloads\sparky-master\sparky-master\dependencies\libvorbis\lib\mapping0.c(317): warning C4244: '=' : conversion from 'double' to 'float', possible loss of data
     1>c:\users\tim\downloads\sparky-master\sparky-master\dependencies\libvorbis\lib\mapping0.c(334): warning C4244: '=' : conversion from 'double' to 'float', possible loss of data
     1>c:\users\tim\downloads\sparky-master\sparky-master\dependencies\libvorbis\lib\mapping0.c(390): warning C4244: '=' : conversion from 'double' to 'float', possible loss of data
         lsp.c
     1>c:\users\tim\downloads\sparky-master\sparky-master\dependencies\libvorbis\lib\lookup.c(31): warning C4244: 'return' : conversion from 'double' to 'float', possible loss of data
     1>c:\users\tim\downloads\sparky-master\sparky-master\dependencies\libvorbis\lib\lookup.c(38): warning C4244: 'return' : conversion from 'double' to 'float', possible loss of data
     1>c:\users\tim\downloads\sparky-master\sparky-master\dependencies\libvorbis\lib\lsp.c(67): warning C4244: 'initializing' : conversion from 'double' to 'float', possible loss of data
     1>c:\users\tim\downloads\sparky-master\sparky-master\dependencies\libvorbis\lib\lsp.c(101): warning C4244: '=' : conversion from 'double' to 'float', possible loss of data
     1>c:\users\tim\downloads\sparky-master\sparky-master\dependencies\libvorbis\lib\lsp.c(351): warning C4244: '=' : conversion from 'double' to 'float', possible loss of data
     1>c:\users\tim\downloads\sparky-master\sparky-master\dependencies\libvorbis\lib\lsp.c(398): warning C4244: '=' : conversion from 'double' to 'float', possible loss of data
     1>c:\users\tim\downloads\sparky-master\sparky-master\dependencies\libvorbis\lib\lsp.c(450): warning C4244: '=' : conversion from 'double' to 'float', possible loss of data
     1>c:\users\tim\downloads\sparky-master\sparky-master\dependencies\libvorbis\lib\lsp.c(453): warning C4244: '=' : conversion from 'double' to 'float', possible loss of data
         lpc.c
     1>c:\users\tim\downloads\sparky-master\sparky-master\dependencies\libvorbis\lib\lpc.c(114): warning C4244: 'return' : conversion from 'double' to 'float', possible loss of data
         lookup.c
         info.c
     1>c:\users\tim\downloads\sparky-master\sparky-master\dependencies\libvorbis\lib\info.c(54): warning C4244: '=' : conversion from 'long' to 'char', possible loss of data
         floor1.c
     1>c:\users\tim\downloads\sparky-master\sparky-master\dependencies\libvorbis\lib\floor1.c(288): warning C4244: 'initializing' : conversion from 'const float' to 'int', possible loss of data
     1>c:\users\tim\downloads\sparky-master\sparky-master\dependencies\libvorbis\lib\floor1.c(459): warning C4244: 'initializing' : conversion from 'float' to 'int', possible loss of data
     1>c:\users\tim\downloads\sparky-master\sparky-master\dependencies\libvorbis\lib\floor1.c(513): warning C4244: '=' : conversion from 'double' to 'int', possible loss of data
     1>c:\users\tim\downloads\sparky-master\sparky-master\dependencies\libvorbis\lib\floor1.c(514): warning C4244: '=' : conversion from 'double' to 'int', possible loss of data
         floor0.c
     1>c:\users\tim\downloads\sparky-master\sparky-master\dependencies\libvorbis\lib\floor0.c(124): warning C4244: 'initializing' : conversion from 'double' to 'float', possible loss of data
     1>c:\users\tim\downloads\sparky-master\sparky-master\dependencies\libvorbis\lib\floor0.c(135): warning C4244: 'initializing' : conversion from 'double' to 'int', possible loss of data
         envelope.c
     1>c:\users\tim\downloads\sparky-master\sparky-master\dependencies\libvorbis\lib\envelope.c(48): warning C4244: '=' : conversion from 'double' to 'float', possible loss of data
     1>c:\users\tim\downloads\sparky-master\sparky-master\dependencies\libvorbis\lib\envelope.c(65): warning C4244: '=' : conversion from 'double' to 'float', possible loss of data
     1>c:\users\tim\downloads\sparky-master\sparky-master\dependencies\libvorbis\lib\envelope.c(68): warning C4244: '=' : conversion from 'double' to 'float', possible loss of data
     1>c:\users\tim\downloads\sparky-master\sparky-master\dependencies\libvorbis\lib\envelope.c(128): warning C4244: 'initializing' : conversion from 'double' to 'float', possible loss of data
     1>c:\users\tim\downloads\sparky-master\sparky-master\dependencies\libvorbis\lib\envelope.c(146): warning C4244: '=' : conversion from 'double' to 'float', possible loss of data
         codebook.c
         Generating Code...
     1>c:\users\tim\downloads\sparky-master\sparky-master\dependencies\libvorbis\lib\mapping0.c(694): error C4703: potentially uninitialized local pointer variable 'mag_memo' used
     1>c:\users\tim\downloads\sparky-master\sparky-master\dependencies\libvorbis\lib\mapping0.c(694): error C4703: potentially uninitialized local pointer variable 'mag_sort' used
         Compiling...
         block.c
     1>c:\users\tim\downloads\sparky-master\sparky-master\dependencies\libvorbis\lib\block.c(845): warning C4244: '-=' : conversion from 'ogg_int64_t' to 'int', possible loss of data
     1>c:\users\tim\downloads\sparky-master\sparky-master\dependencies\libvorbis\lib\block.c(848): warning C4244: '+=' : conversion from 'ogg_int64_t' to 'int', possible loss of data
     1>c:\users\tim\downloads\sparky-master\sparky-master\dependencies\libvorbis\lib\block.c(861): warning C4244: 'initializing' : conversion from 'ogg_int64_t' to 'long', possible loss of data
         bitrate.c
     1>c:\users\tim\downloads\sparky-master\sparky-master\dependencies\libvorbis\lib\bitrate.c(42): warning C4244: '=' : conversion from 'double' to 'long', possible loss of data
     1>c:\users\tim\downloads\sparky-master\sparky-master\dependencies\libvorbis\lib\bitrate.c(43): warning C4244: '=' : conversion from 'double' to 'long', possible loss of data
     1>c:\users\tim\downloads\sparky-master\sparky-master\dependencies\libvorbis\lib\bitrate.c(44): warning C4244: '=' : conversion from 'double' to 'long', possible loss of data
     1>c:\users\tim\downloads\sparky-master\sparky-master\dependencies\libvorbis\lib\bitrate.c(51): warning C4244: 'initializing' : conversion from 'double' to 'long', possible loss of data
     1>c:\users\tim\downloads\sparky-master\sparky-master\dependencies\libvorbis\lib\bitrate.c(83): warning C4244: 'initializing' : conversion from 'double' to 'int', possible loss of data
     1>c:\users\tim\downloads\sparky-master\sparky-master\dependencies\libvorbis\lib\bitrate.c(88): warning C4244: 'initializing' : conversion from 'double' to 'long', possible loss of data
     1>c:\users\tim\downloads\sparky-master\sparky-master\dependencies\libvorbis\lib\bitrate.c(135): warning C4244: '=' : conversion from 'double' to 'int', possible loss of data
         analysis.c
     1>c:\users\tim\downloads\sparky-master\sparky-master\dependencies\libvorbis\lib\analysis.c(82): warning C4244: 'initializing' : conversion from 'double' to 'float', possible loss of data
         Generating Code...
     1>Done Building Project "C:\Users\Tim\Downloads\Sparky-master\Sparky-master\libvorbis\libvorbis.vcxproj" (Rebuild target(s)) -- FAILED.

Build FAILED.

Time Elapsed 00:00:03.42
