d:\programming\greet\libraries\freetype\bin\intermediates\vc140.pdb
d:\programming\greet\libraries\freetype\bin\intermediates\vc140.idb
d:\programming\greet\libraries\freetype\bin\intermediates\ftwinfnt.obj
d:\programming\greet\libraries\freetype\bin\intermediates\ftxf86.obj
d:\programming\greet\libraries\freetype\bin\intermediates\bdf.obj
d:\programming\greet\libraries\freetype\bin\intermediates\ftcache.obj
d:\programming\greet\libraries\freetype\bin\intermediates\cff.obj
d:\programming\greet\libraries\freetype\bin\intermediates\type1cid.obj
d:\programming\greet\libraries\freetype\bin\intermediates\ftgzip.obj
d:\programming\greet\libraries\freetype\bin\intermediates\ftlzw.obj
d:\programming\greet\libraries\freetype\bin\intermediates\pcf.obj
d:\programming\greet\libraries\freetype\bin\intermediates\pfr.obj
d:\programming\greet\libraries\freetype\bin\intermediates\psaux.obj
d:\programming\greet\libraries\freetype\bin\intermediates\pshinter.obj
d:\programming\greet\libraries\freetype\bin\intermediates\psmodule.obj
d:\programming\greet\libraries\freetype\bin\intermediates\raster.obj
d:\programming\greet\libraries\freetype\bin\intermediates\sfnt.obj
d:\programming\greet\libraries\freetype\bin\intermediates\smooth.obj
d:\programming\greet\libraries\freetype\bin\intermediates\truetype.obj
d:\programming\greet\libraries\freetype\bin\intermediates\type1.obj
d:\programming\greet\libraries\freetype\bin\intermediates\type42.obj
d:\programming\greet\libraries\freetype\bin\intermediates\winfnt.obj
d:\programming\greet\libraries\freetype\bin\intermediates\vector.obj
d:\programming\greet\libraries\freetype\bin\intermediates\autofit.obj
d:\programming\greet\libraries\freetype\bin\intermediates\ftbase.obj
d:\programming\greet\libraries\freetype\bin\intermediates\ftbbox.obj
d:\programming\greet\libraries\freetype\bin\intermediates\ftbitmap.obj
d:\programming\greet\libraries\freetype\bin\intermediates\ftdebug.obj
d:\programming\greet\libraries\freetype\bin\intermediates\ftfstype.obj
d:\programming\greet\libraries\freetype\bin\intermediates\ftgasp.obj
d:\programming\greet\libraries\freetype\bin\intermediates\ftglyph.obj
d:\programming\greet\libraries\freetype\bin\intermediates\ftgxval.obj
d:\programming\greet\libraries\freetype\bin\intermediates\ftinit.obj
d:\programming\greet\libraries\freetype\bin\intermediates\ftlcdfil.obj
d:\programming\greet\libraries\freetype\bin\intermediates\ftmm.obj
d:\programming\greet\libraries\freetype\bin\intermediates\ftotval.obj
d:\programming\greet\libraries\freetype\bin\intermediates\ftpatent.obj
d:\programming\greet\libraries\freetype\bin\intermediates\ftpfr.obj
d:\programming\greet\libraries\freetype\bin\intermediates\ftstroke.obj
d:\programming\greet\libraries\freetype\bin\intermediates\ftsynth.obj
d:\programming\greet\libraries\freetype\bin\intermediates\ftsystem.obj
d:\programming\greet\libraries\freetype\bin\intermediates\fttype1.obj
d:\programming\greet\libraries\freetype\bin\intermediates\platform.obj
d:\programming\greet\libraries\freetype\bin\intermediates\texture-atlas.obj
d:\programming\greet\libraries\freetype\bin\intermediates\texture-font.obj
d:\programming\greet\libraries\freetype\bin\freetype.lib
d:\programming\greet\libraries\freetype\bin\freetype.exp
d:\programming\greet\libraries\freetype\bin\freetype.ilk
d:\programming\greet\libraries\freetype\bin\freetype.dll
d:\programming\greet\libraries\freetype\bin\freetype.pdb
d:\programming\greet\libraries\freetype\bin\intermediates\freetype.tlog\cl.command.1.tlog
d:\programming\greet\libraries\freetype\bin\intermediates\freetype.tlog\cl.read.1.tlog
d:\programming\greet\libraries\freetype\bin\intermediates\freetype.tlog\cl.write.1.tlog
d:\programming\greet\libraries\freetype\bin\intermediates\freetype.tlog\freetype.write.1u.tlog
d:\programming\greet\libraries\freetype\bin\intermediates\freetype.tlog\link.command.1.tlog
d:\programming\greet\libraries\freetype\bin\intermediates\freetype.tlog\link.read.1.tlog
d:\programming\greet\libraries\freetype\bin\intermediates\freetype.tlog\link.write.1.tlog
