Build started 2015-06-09 16:17:15.
     1>Project "V:\pgrm\c++2\Greet\Greet-core\Greet-core.vcxproj" on node 2 (Build target(s)).
     1>ClCompile:
         C:\Program Files (x86)\Microsoft Visual Studio 12.0\VC\bin\CL.exe /c /Zi /nologo /W3 /WX- /sdl /O2 /Oi /Oy- /GL /D _MBCS /Gm- /EHsc /MD /GS /Gy /fp:precise /Zc:wchar_t /Zc:forScope /Fo"Release\\" /Fd"Release\vc120.pdb" /Gd /TP /analyze- /errorReport:prompt main.cpp src\graphics\batchrenderer2d.cpp src\graphics\buffers\batchindexbuffer.cpp src\graphics\buffers\buffer.cpp src\graphics\buffers\indexbuffer.cpp src\graphics\buffers\vertexarray.cpp src\graphics\particle.cpp src\graphics\particlepool.cpp src\graphics\simple2drenderer.cpp src\graphics\Shader.cpp src\graphics\sprite.cpp src\graphics\static_sprite.cpp src\graphics\window.cpp src\math\mat3.cpp src\math\vec2.cpp src\math\vec3.cpp src\math\vec4.cpp
         main.cpp
     1>v:\pgrm\c++2\greet\greet-core\src\graphics\window.h(3): fatal error C1083: Cannot open include file: 'GL/glew.h': No such file or directory
         batchrenderer2d.cpp
     1>v:\pgrm\c++2\greet\greet-core\src\graphics\buffers/buffer.h(3): fatal error C1083: Cannot open include file: 'GL/glew.h': No such file or directory
         batchindexbuffer.cpp
     1>v:\pgrm\c++2\greet\greet-core\src\graphics\buffers\batchindexbuffer.h(3): fatal error C1083: Cannot open include file: 'GL/glew.h': No such file or directory
         buffer.cpp
     1>v:\pgrm\c++2\greet\greet-core\src\graphics\buffers\buffer.h(3): fatal error C1083: Cannot open include file: 'GL/glew.h': No such file or directory
         indexbuffer.cpp
     1>v:\pgrm\c++2\greet\greet-core\src\graphics\buffers\indexbuffer.h(3): fatal error C1083: Cannot open include file: 'GL/glew.h': No such file or directory
         vertexarray.cpp
     1>v:\pgrm\c++2\greet\greet-core\src\graphics\buffers\vertexarray.h(3): fatal error C1083: Cannot open include file: 'GL/glew.h': No such file or directory
         particle.cpp
         particlepool.cpp
         simple2drenderer.cpp
     1>v:\pgrm\c++2\greet\greet-core\src\graphics\buffers/buffer.h(3): fatal error C1083: Cannot open include file: 'GL/glew.h': No such file or directory
         Shader.cpp
     1>v:\pgrm\c++2\greet\greet-core\src\graphics\shader.h(3): fatal error C1083: Cannot open include file: 'GL/glew.h': No such file or directory
         sprite.cpp
     1>v:\pgrm\c++2\greet\greet-core\src\graphics\buffers/buffer.h(3): fatal error C1083: Cannot open include file: 'GL/glew.h': No such file or directory
         static_sprite.cpp
     1>v:\pgrm\c++2\greet\greet-core\src\graphics\buffers/buffer.h(3): fatal error C1083: Cannot open include file: 'GL/glew.h': No such file or directory
         window.cpp
     1>v:\pgrm\c++2\greet\greet-core\src\graphics\window.h(3): fatal error C1083: Cannot open include file: 'GL/glew.h': No such file or directory
         mat3.cpp
         vec2.cpp
     1>src\math\vec2.cpp(20): warning C4244: 'return' : conversion from 'float' to 'int', possible loss of data
         vec3.cpp
     1>src\math\vec3.cpp(15): warning C4244: 'return' : conversion from 'float' to 'int', possible loss of data
         vec4.cpp
     1>src\math\vec4.cpp(23): warning C4244: 'return' : conversion from 'float' to 'int', possible loss of data
     1>Done Building Project "V:\pgrm\c++2\Greet\Greet-core\Greet-core.vcxproj" (Build target(s)) -- FAILED.

Build FAILED.

Time Elapsed 00:00:05.01
