  platform.c
  texture-atlas.c
d:\programming\greet\freetype\freetype-gl\opengl.h(44): fatal error C1083: Cannot open include file: 'GL/glew.h': No such file or directory
  texture-font.c
freetype-gl\texture-font.c(34): fatal error C1083: Cannot open include file: 'ft2build.h': No such file or directory
  vector.c
  autofit.c
src\autofit\autofit.c(20): fatal error C1083: Cannot open include file: 'ft2build.h': No such file or directory
  ftbase.c
src\base\ftbase.c(19): fatal error C1083: Cannot open include file: 'ft2build.h': No such file or directory
  ftbbox.c
src\base\ftbbox.c(27): fatal error C1083: Cannot open include file: 'ft2build.h': No such file or directory
  ftbitmap.c
src\base\ftbitmap.c(19): fatal error C1083: Cannot open include file: 'ft2build.h': No such file or directory
  ftdebug.c
src\base\ftdebug.c(44): fatal error C1083: Cannot open include file: 'ft2build.h': No such file or directory
  ftfstype.c
src\base\ftfstype.c(18): fatal error C1083: Cannot open include file: 'ft2build.h': No such file or directory
  ftgasp.c
src\base\ftgasp.c(19): fatal error C1083: Cannot open include file: 'ft2build.h': No such file or directory
  ftglyph.c
src\base\ftglyph.c(31): fatal error C1083: Cannot open include file: 'ft2build.h': No such file or directory
  ftgxval.c
src\base\ftgxval.c(28): fatal error C1083: Cannot open include file: 'ft2build.h': No such file or directory
  ftinit.c
src\base\ftinit.c(40): fatal error C1083: Cannot open include file: 'ft2build.h': No such file or directory
  ftlcdfil.c
src\base\ftlcdfil.c(19): fatal error C1083: Cannot open include file: 'ft2build.h': No such file or directory
  ftmm.c
src\base\ftmm.c(19): fatal error C1083: Cannot open include file: 'ft2build.h': No such file or directory
  ftotval.c
src\base\ftotval.c(18): fatal error C1083: Cannot open include file: 'ft2build.h': No such file or directory
  ftpatent.c
src\base\ftpatent.c(18): fatal error C1083: Cannot open include file: 'ft2build.h': No such file or directory
  ftpfr.c
src\base\ftpfr.c(18): fatal error C1083: Cannot open include file: 'ft2build.h': No such file or directory
  ftstroke.c
src\base\ftstroke.c(19): fatal error C1083: Cannot open include file: 'ft2build.h': No such file or directory
  Compiling...
  ftsynth.c
src\base\ftsynth.c(19): fatal error C1083: Cannot open include file: 'ft2build.h': No such file or directory
  ftsystem.c
src\base\ftsystem.c(28): fatal error C1083: Cannot open include file: 'ft2build.h': No such file or directory
  fttype1.c
src\base\fttype1.c(19): fatal error C1083: Cannot open include file: 'ft2build.h': No such file or directory
  ftwinfnt.c
src\base\ftwinfnt.c(19): fatal error C1083: Cannot open include file: 'ft2build.h': No such file or directory
  ftxf86.c
src\base\ftxf86.c(19): fatal error C1083: Cannot open include file: 'ft2build.h': No such file or directory
  bdf.c
src\bdf\bdf.c(29): fatal error C1083: Cannot open include file: 'ft2build.h': No such file or directory
  ftcache.c
src\cache\ftcache.c(21): fatal error C1083: Cannot open include file: 'ft2build.h': No such file or directory
  cff.c
src\cff\cff.c(21): fatal error C1083: Cannot open include file: 'ft2build.h': No such file or directory
  type1cid.c
src\cid\type1cid.c(21): fatal error C1083: Cannot open include file: 'ft2build.h': No such file or directory
  ftgzip.c
src\gzip\ftgzip.c(23): fatal error C1083: Cannot open include file: 'ft2build.h': No such file or directory
  ftlzw.c
src\lzw\ftlzw.c(25): fatal error C1083: Cannot open include file: 'ft2build.h': No such file or directory
  pcf.c
src\pcf\pcf.c(31): fatal error C1083: Cannot open include file: 'ft2build.h': No such file or directory
  pfr.c
src\pfr\pfr.c(20): fatal error C1083: Cannot open include file: 'ft2build.h': No such file or directory
  psaux.c
src\psaux\psaux.c(21): fatal error C1083: Cannot open include file: 'ft2build.h': No such file or directory
  pshinter.c
src\pshinter\pshinter.c(21): fatal error C1083: Cannot open include file: 'ft2build.h': No such file or directory
  psmodule.c
src\psnames\psmodule.c(19): fatal error C1083: Cannot open include file: 'ft2build.h': No such file or directory
  raster.c
src\raster\raster.c(21): fatal error C1083: Cannot open include file: 'ft2build.h': No such file or directory
  sfnt.c
src\sfnt\sfnt.c(21): fatal error C1083: Cannot open include file: 'ft2build.h': No such file or directory
  smooth.c
src\smooth\smooth.c(21): fatal error C1083: Cannot open include file: 'ft2build.h': No such file or directory
  truetype.c
src\truetype\truetype.c(21): fatal error C1083: Cannot open include file: 'ft2build.h': No such file or directory
  Compiling...
  type1.c
src\type1\type1.c(21): fatal error C1083: Cannot open include file: 'ft2build.h': No such file or directory
  type42.c
src\type42\type42.c(20): fatal error C1083: Cannot open include file: 'ft2build.h': No such file or directory
  winfnt.c
src\winfonts\winfnt.c(21): fatal error C1083: Cannot open include file: 'ft2build.h': No such file or directory
