Build started 2015-11-29 12:11:09.
     1>Project "C:\Users\hakan\Documents\Greet\Box2D\Box2D.vcxproj" on node 2 (Build target(s)).
     1>ClCompile:
         C:\Program Files (x86)\Microsoft Visual Studio 14.0\VC\bin\CL.exe /c /ZI /nologo /W3 /WX- /sdl /Od /Oy- /D _MBCS /Gm /EHsc /RTC1 /MDd /GS /fp:precise /Zc:wchar_t /Zc:forScope /Zc:inline /Fo"Debug\\" /Fd"Debug\vc140.pdb" /Gd /TP /analyze- /errorReport:prompt ..\libraries\Box2D\Box2D\Collision\Shapes\b2ChainShape.cpp ..\libraries\Box2D\Box2D\Collision\Shapes\b2CircleShape.cpp ..\libraries\Box2D\Box2D\Collision\Shapes\b2EdgeShape.cpp ..\libraries\Box2D\Box2D\Collision\Shapes\b2PolygonShape.cpp ..\libraries\Box2D\Box2D\Collision\b2BroadPhase.cpp ..\libraries\Box2D\Box2D\Collision\b2CollideCircle.cpp ..\libraries\Box2D\Box2D\Collision\b2CollideEdge.cpp ..\libraries\Box2D\Box2D\Collision\b2CollidePolygon.cpp ..\libraries\Box2D\Box2D\Collision\b2Collision.cpp ..\libraries\Box2D\Box2D\Collision\b2Distance.cpp ..\libraries\Box2D\Box2D\Collision\b2DynamicTree.cpp ..\libraries\Box2D\Box2D\Collision\b2TimeOfImpact.cpp ..\libraries\Box2D\Box2D\Common\b2BlockAllocator.cpp ..\libraries\Box2D\Box2D\Common\b2Draw.cpp ..\libraries\Box2D\Box2D\Common\b2Math.cpp ..\libraries\Box2D\Box2D\Common\b2Settings.cpp ..\libraries\Box2D\Box2D\Common\b2StackAllocator.cpp ..\libraries\Box2D\Box2D\Common\b2Timer.cpp ..\libraries\Box2D\Box2D\Dynamics\Contacts\b2ChainAndCircleContact.cpp ..\libraries\Box2D\Box2D\Dynamics\Contacts\b2ChainAndPolygonContact.cpp ..\libraries\Box2D\Box2D\Dynamics\Contacts\b2CircleContact.cpp ..\libraries\Box2D\Box2D\Dynamics\Contacts\b2Contact.cpp ..\libraries\Box2D\Box2D\Dynamics\Contacts\b2ContactSolver.cpp ..\libraries\Box2D\Box2D\Dynamics\Contacts\b2EdgeAndCircleContact.cpp ..\libraries\Box2D\Box2D\Dynamics\Contacts\b2EdgeAndPolygonContact.cpp ..\libraries\Box2D\Box2D\Dynamics\Contacts\b2PolygonAndCircleContact.cpp ..\libraries\Box2D\Box2D\Dynamics\Contacts\b2PolygonContact.cpp ..\libraries\Box2D\Box2D\Dynamics\Joints\b2DistanceJoint.cpp ..\libraries\Box2D\Box2D\Dynamics\Joints\b2FrictionJoint.cpp ..\libraries\Box2D\Box2D\Dynamics\Joints\b2GearJoint.cpp ..\libraries\Box2D\Box2D\Dynamics\Joints\b2Joint.cpp ..\libraries\Box2D\Box2D\Dynamics\Joints\b2MotorJoint.cpp ..\libraries\Box2D\Box2D\Dynamics\Joints\b2MouseJoint.cpp ..\libraries\Box2D\Box2D\Dynamics\Joints\b2PrismaticJoint.cpp ..\libraries\Box2D\Box2D\Dynamics\Joints\b2PulleyJoint.cpp ..\libraries\Box2D\Box2D\Dynamics\Joints\b2RevoluteJoint.cpp ..\libraries\Box2D\Box2D\Dynamics\Joints\b2RopeJoint.cpp ..\libraries\Box2D\Box2D\Dynamics\Joints\b2WeldJoint.cpp ..\libraries\Box2D\Box2D\Dynamics\Joints\b2WheelJoint.cpp ..\libraries\Box2D\Box2D\Dynamics\b2Body.cpp ..\libraries\Box2D\Box2D\Dynamics\b2ContactManager.cpp ..\libraries\Box2D\Box2D\Dynamics\b2Fixture.cpp ..\libraries\Box2D\Box2D\Dynamics\b2Island.cpp ..\libraries\Box2D\Box2D\Dynamics\b2World.cpp ..\libraries\Box2D\Box2D\Dynamics\b2WorldCallbacks.cpp ..\libraries\Box2D\Box2D\Rope\b2Rope.cpp
         b2Rope.cpp
         b2WorldCallbacks.cpp
         b2World.cpp
         b2Island.cpp
         b2Fixture.cpp
         b2ContactManager.cpp
         b2Body.cpp
         b2WheelJoint.cpp
         b2WeldJoint.cpp
         b2RopeJoint.cpp
         b2RevoluteJoint.cpp
         b2PulleyJoint.cpp
         b2PrismaticJoint.cpp
         b2MouseJoint.cpp
         b2MotorJoint.cpp
         b2Joint.cpp
         b2GearJoint.cpp
         b2FrictionJoint.cpp
         b2DistanceJoint.cpp
         b2PolygonContact.cpp
         Generating Code...
         Compiling...
         b2PolygonAndCircleContact.cpp
         b2EdgeAndPolygonContact.cpp
         b2EdgeAndCircleContact.cpp
         b2ContactSolver.cpp
         b2Contact.cpp
         b2CircleContact.cpp
         b2ChainAndPolygonContact.cpp
         b2ChainAndCircleContact.cpp
         b2Timer.cpp
         b2StackAllocator.cpp
         b2Settings.cpp
         b2Math.cpp
         b2Draw.cpp
         b2BlockAllocator.cpp
         b2TimeOfImpact.cpp
         b2DynamicTree.cpp
         b2Distance.cpp
         b2Collision.cpp
         b2CollidePolygon.cpp
         b2CollideEdge.cpp
         Generating Code...
         Compiling...
         b2CollideCircle.cpp
         b2BroadPhase.cpp
         b2PolygonShape.cpp
         b2EdgeShape.cpp
         b2CircleShape.cpp
         b2ChainShape.cpp
         Generating Code...
       Link:
         C:\Program Files (x86)\Microsoft Visual Studio 14.0\VC\bin\link.exe /ERRORREPORT:PROMPT /OUT:"C:\Users\hakan\Documents\Greet\Debug\Box2D.exe" /INCREMENTAL /NOLOGO kernel32.lib user32.lib gdi32.lib winspool.lib comdlg32.lib advapi32.lib shell32.lib ole32.lib oleaut32.lib uuid.lib odbc32.lib odbccp32.lib /MANIFEST /MANIFESTUAC:"level='asInvoker' uiAccess='false'" /manifest:embed /Debug /PDB:"C:\Users\hakan\Documents\Greet\Debug\Box2D.pdb" /TLBID:1 /DYNAMICBASE /NXCOMPAT /IMPLIB:"C:\Users\hakan\Documents\Greet\Debug\Box2D.lib" /MACHINE:X86 Debug\b2BroadPhase.obj
         Debug\b2CollideCircle.obj
         Debug\b2CollideEdge.obj
         Debug\b2CollidePolygon.obj
         Debug\b2Collision.obj
         Debug\b2Distance.obj
         Debug\b2DynamicTree.obj
         Debug\b2TimeOfImpact.obj
         Debug\b2ChainShape.obj
         Debug\b2CircleShape.obj
         Debug\b2EdgeShape.obj
         Debug\b2PolygonShape.obj
         Debug\b2BlockAllocator.obj
         Debug\b2Draw.obj
         Debug\b2Math.obj
         Debug\b2Settings.obj
         Debug\b2StackAllocator.obj
         Debug\b2Timer.obj
         Debug\b2Body.obj
         Debug\b2ContactManager.obj
         Debug\b2Fixture.obj
         Debug\b2Island.obj
         Debug\b2World.obj
         Debug\b2WorldCallbacks.obj
         Debug\b2ChainAndCircleContact.obj
         Debug\b2ChainAndPolygonContact.obj
         Debug\b2CircleContact.obj
         Debug\b2Contact.obj
         Debug\b2ContactSolver.obj
         Debug\b2EdgeAndCircleContact.obj
         Debug\b2EdgeAndPolygonContact.obj
         Debug\b2PolygonAndCircleContact.obj
         Debug\b2PolygonContact.obj
         Debug\b2DistanceJoint.obj
         Debug\b2FrictionJoint.obj
         Debug\b2GearJoint.obj
         Debug\b2Joint.obj
         Debug\b2MotorJoint.obj
         Debug\b2MouseJoint.obj
         Debug\b2PrismaticJoint.obj
         Debug\b2PulleyJoint.obj
         Debug\b2RevoluteJoint.obj
         Debug\b2RopeJoint.obj
         Debug\b2WeldJoint.obj
         Debug\b2WheelJoint.obj
         Debug\b2Rope.obj
     1>LINK : fatal error LNK1561: entry point must be defined
     1>Done Building Project "C:\Users\hakan\Documents\Greet\Box2D\Box2D.vcxproj" (Build target(s)) -- FAILED.

Build FAILED.

Time Elapsed 00:00:10.77
