Build started 2015-06-21 21:09:13.
     1>Project "V:\pgrm\c++2\Greet\Sandbox\Sandbox.vcxproj" on node 2 (Build target(s)).
     1>ClCompile:
         C:\Program Files (x86)\Microsoft Visual Studio 12.0\VC\bin\CL.exe /c /I"V:\pgrm\c++2\Greet\Greet-core\src\\" /ZI /nologo /W3 /WX- /sdl /Od /Oy- /D GLEW_STATIC /D _CRT_SECURE_NO_WARNINGS /D _MBCS /Gm /EHsc /RTC1 /MDd /GS /fp:precise /Zc:wchar_t /Zc:forScope /Fo"Debug\\" /Fd"Debug\vc120.pdb" /Gd /TP /analyze- /errorReport:prompt src\main.cpp src\tilelayer.cpp
         tilelayer.cpp
     1>c:\program files (x86)\windows kits\8.1\include\shared\minwindef.h(130): warning C4005: 'APIENTRY' : macro redefinition
                 v:\pgrm\c++2\greet\libraries\glfw\include\glfw\glfw3.h(85) : see previous definition of 'APIENTRY'
         main.cpp
     1>v:\pgrm\c++2\greet\sandbox\src\uilayer.h(9): warning C4244: 'argument' : conversion from 'int' to 'float', possible loss of data
     1>v:\pgrm\c++2\greet\sandbox\src\main.cpp(51): warning C4244: 'argument' : conversion from 'time_t' to 'unsigned int', possible loss of data
         Generating Code...
       Link:
         C:\Program Files (x86)\Microsoft Visual Studio 12.0\VC\bin\link.exe /ERRORREPORT:PROMPT /OUT:"V:\pgrm\c++2\Greet\Debug\Sandbox.exe" /INCREMENTAL /NOLOGO glfw3.lib glew32s.lib opengl32.lib FreeImage.lib OpenAL32.lib libogg.lib libvorbis.lib kernel32.lib user32.lib gdi32.lib winspool.lib comdlg32.lib advapi32.lib shell32.lib ole32.lib oleaut32.lib uuid.lib odbc32.lib odbccp32.lib kernel32.lib user32.lib gdi32.lib winspool.lib comdlg32.lib advapi32.lib shell32.lib ole32.lib oleaut32.lib uuid.lib odbc32.lib odbccp32.lib /MANIFEST /MANIFESTUAC:"level='asInvoker' uiAccess='false'" /manifest:embed /DEBUG /PDB:"V:\pgrm\c++2\Greet\Debug\Sandbox.pdb" /TLBID:1 /DYNAMICBASE /NXCOMPAT /IMPLIB:"V:\pgrm\c++2\Greet\Debug\Sandbox.lib" /MACHINE:X86 Debug\main.obj
         Debug\tilelayer.obj
         "V:\pgrm\c++2\Greet\bin\Debug\Greet-core.lib"
         libvorbis.lib(vorbisfile.obj) : MSIL .netmodule or module compiled with /GL found; restarting link with /LTCG; add /LTCG to the link command line to improve linker performance
     1>LINK : warning LNK4075: ignoring '/INCREMENTAL' due to '/LTCG' specification
     1>main.obj : warning LNK4075: ignoring '/EDITANDCONTINUE' due to '/OPT:LBR' specification
     1>MSVCRTD.lib(cinitexe.obj) : warning LNK4098: defaultlib 'libcmt.lib' conflicts with use of other libs; use /NODEFAULTLIB:library
     1>MSVCRTD.lib(cinitexe.obj) : warning LNK4098: defaultlib 'msvcrt.lib' conflicts with use of other libs; use /NODEFAULTLIB:library
         Generating code
         Finished generating code
     1>libvorbis.lib(vorbisfile.obj) : warning LNK4099: PDB 'vc120.pdb' was not found with 'libvorbis.lib(vorbisfile.obj)' or at 'V:\pgrm\c++2\Greet\Debug\vc120.pdb'; linking object as if no debug info
     1>libvorbis.lib(info.obj) : warning LNK4099: PDB 'vc120.pdb' was not found with 'libvorbis.lib(info.obj)' or at 'V:\pgrm\c++2\Greet\Debug\vc120.pdb'; linking object as if no debug info
     1>libvorbis.lib(block.obj) : warning LNK4099: PDB 'vc120.pdb' was not found with 'libvorbis.lib(block.obj)' or at 'V:\pgrm\c++2\Greet\Debug\vc120.pdb'; linking object as if no debug info
     1>libvorbis.lib(synthesis.obj) : warning LNK4099: PDB 'vc120.pdb' was not found with 'libvorbis.lib(synthesis.obj)' or at 'V:\pgrm\c++2\Greet\Debug\vc120.pdb'; linking object as if no debug info
     1>libvorbis.lib(analysis.obj) : warning LNK4099: PDB 'vc120.pdb' was not found with 'libvorbis.lib(analysis.obj)' or at 'V:\pgrm\c++2\Greet\Debug\vc120.pdb'; linking object as if no debug info
     1>libvorbis.lib(registry.obj) : warning LNK4099: PDB 'vc120.pdb' was not found with 'libvorbis.lib(registry.obj)' or at 'V:\pgrm\c++2\Greet\Debug\vc120.pdb'; linking object as if no debug info
     1>libvorbis.lib(sharedbook.obj) : warning LNK4099: PDB 'vc120.pdb' was not found with 'libvorbis.lib(sharedbook.obj)' or at 'V:\pgrm\c++2\Greet\Debug\vc120.pdb'; linking object as if no debug info
     1>libvorbis.lib(codebook.obj) : warning LNK4099: PDB 'vc120.pdb' was not found with 'libvorbis.lib(codebook.obj)' or at 'V:\pgrm\c++2\Greet\Debug\vc120.pdb'; linking object as if no debug info
     1>libvorbis.lib(psy.obj) : warning LNK4099: PDB 'vc120.pdb' was not found with 'libvorbis.lib(psy.obj)' or at 'V:\pgrm\c++2\Greet\Debug\vc120.pdb'; linking object as if no debug info
     1>libvorbis.lib(smallft.obj) : warning LNK4099: PDB 'vc120.pdb' was not found with 'libvorbis.lib(smallft.obj)' or at 'V:\pgrm\c++2\Greet\Debug\vc120.pdb'; linking object as if no debug info
     1>libvorbis.lib(envelope.obj) : warning LNK4099: PDB 'vc120.pdb' was not found with 'libvorbis.lib(envelope.obj)' or at 'V:\pgrm\c++2\Greet\Debug\vc120.pdb'; linking object as if no debug info
     1>libvorbis.lib(mdct.obj) : warning LNK4099: PDB 'vc120.pdb' was not found with 'libvorbis.lib(mdct.obj)' or at 'V:\pgrm\c++2\Greet\Debug\vc120.pdb'; linking object as if no debug info
     1>libvorbis.lib(bitrate.obj) : warning LNK4099: PDB 'vc120.pdb' was not found with 'libvorbis.lib(bitrate.obj)' or at 'V:\pgrm\c++2\Greet\Debug\vc120.pdb'; linking object as if no debug info
     1>libvorbis.lib(lpc.obj) : warning LNK4099: PDB 'vc120.pdb' was not found with 'libvorbis.lib(lpc.obj)' or at 'V:\pgrm\c++2\Greet\Debug\vc120.pdb'; linking object as if no debug info
     1>libvorbis.lib(window.obj) : warning LNK4099: PDB 'vc120.pdb' was not found with 'libvorbis.lib(window.obj)' or at 'V:\pgrm\c++2\Greet\Debug\vc120.pdb'; linking object as if no debug info
     1>libvorbis.lib(res0.obj) : warning LNK4099: PDB 'vc120.pdb' was not found with 'libvorbis.lib(res0.obj)' or at 'V:\pgrm\c++2\Greet\Debug\vc120.pdb'; linking object as if no debug info
     1>libvorbis.lib(mapping0.obj) : warning LNK4099: PDB 'vc120.pdb' was not found with 'libvorbis.lib(mapping0.obj)' or at 'V:\pgrm\c++2\Greet\Debug\vc120.pdb'; linking object as if no debug info
     1>libvorbis.lib(floor1.obj) : warning LNK4099: PDB 'vc120.pdb' was not found with 'libvorbis.lib(floor1.obj)' or at 'V:\pgrm\c++2\Greet\Debug\vc120.pdb'; linking object as if no debug info
     1>libvorbis.lib(floor0.obj) : warning LNK4099: PDB 'vc120.pdb' was not found with 'libvorbis.lib(floor0.obj)' or at 'V:\pgrm\c++2\Greet\Debug\vc120.pdb'; linking object as if no debug info
     1>libvorbis.lib(lsp.obj) : warning LNK4099: PDB 'vc120.pdb' was not found with 'libvorbis.lib(lsp.obj)' or at 'V:\pgrm\c++2\Greet\Debug\vc120.pdb'; linking object as if no debug info
     1>libogg.lib(framing.obj) : warning LNK4099: PDB 'vc120.pdb' was not found with 'libogg.lib(framing.obj)' or at 'V:\pgrm\c++2\Greet\Debug\vc120.pdb'; linking object as if no debug info
     1>libogg.lib(bitwise.obj) : warning LNK4099: PDB 'vc120.pdb' was not found with 'libogg.lib(bitwise.obj)' or at 'V:\pgrm\c++2\Greet\Debug\vc120.pdb'; linking object as if no debug info
     1>glew32s.lib(glew.obj) : warning LNK4099: PDB 'vc120.pdb' was not found with 'glew32s.lib(glew.obj)' or at 'V:\pgrm\c++2\Greet\Debug\vc120.pdb'; linking object as if no debug info
         Sandbox.vcxproj -> V:\pgrm\c++2\Greet\Debug\Sandbox.exe
     1>Done Building Project "V:\pgrm\c++2\Greet\Sandbox\Sandbox.vcxproj" (Build target(s)).

Build succeeded.

Time Elapsed 00:00:21.55
